{"C:/Users/levis/Desktop/projects/personal-portfolio/app/entry.client.tsx": {"path":"C:/Users/levis/Desktop/projects/personal-portfolio/app/entry.client.tsx","statementMap":{"0":{"start":{"line":11,"column":0},"end":{"line":18,"column":null}},"1":{"start":{"line":12,"column":2},"end":{"line":17,"column":null}}},"fnMap":{"0":{"name":"(anonymous_0)","decl":{"start":{"line":11,"column":16},"end":{"line":11,"column":22}},"loc":{"start":{"line":11,"column":22},"end":{"line":18,"column":1}}}},"branchMap":{},"s":{"0":0,"1":0},"f":{"0":0},"b":{}}
,"C:/Users/levis/Desktop/projects/personal-portfolio/app/entry.server.tsx": {"path":"C:/Users/levis/Desktop/projects/personal-portfolio/app/entry.server.tsx","statementMap":{"0":{"start":{"line":15,"column":20},"end":{"line":15,"column":null}},"1":{"start":{"line":27,"column":2},"end":{"line":39,"column":null}},"2":{"start":{"line":48,"column":2},"end":{"line":89,"column":null}},"3":{"start":{"line":49,"column":24},"end":{"line":49,"column":null}},"4":{"start":{"line":50,"column":28},"end":{"line":86,"column":null}},"5":{"start":{"line":58,"column":10},"end":{"line":58,"column":null}},"6":{"start":{"line":59,"column":23},"end":{"line":59,"column":null}},"7":{"start":{"line":60,"column":25},"end":{"line":60,"column":null}},"8":{"start":{"line":62,"column":10},"end":{"line":62,"column":null}},"9":{"start":{"line":64,"column":10},"end":{"line":69,"column":null}},"10":{"start":{"line":71,"column":10},"end":{"line":71,"column":null}},"11":{"start":{"line":74,"column":10},"end":{"line":74,"column":null}},"12":{"start":{"line":77,"column":10},"end":{"line":77,"column":null}},"13":{"start":{"line":81,"column":10},"end":{"line":83,"column":null}},"14":{"start":{"line":82,"column":12},"end":{"line":82,"column":null}},"15":{"start":{"line":88,"column":4},"end":{"line":88,"column":null}},"16":{"start":{"line":98,"column":2},"end":{"line":139,"column":null}},"17":{"start":{"line":99,"column":24},"end":{"line":99,"column":null}},"18":{"start":{"line":100,"column":28},"end":{"line":136,"column":null}},"19":{"start":{"line":108,"column":10},"end":{"line":108,"column":null}},"20":{"start":{"line":109,"column":23},"end":{"line":109,"column":null}},"21":{"start":{"line":110,"column":25},"end":{"line":110,"column":null}},"22":{"start":{"line":112,"column":10},"end":{"line":112,"column":null}},"23":{"start":{"line":114,"column":10},"end":{"line":119,"column":null}},"24":{"start":{"line":121,"column":10},"end":{"line":121,"column":null}},"25":{"start":{"line":124,"column":10},"end":{"line":124,"column":null}},"26":{"start":{"line":127,"column":10},"end":{"line":127,"column":null}},"27":{"start":{"line":131,"column":10},"end":{"line":133,"column":null}},"28":{"start":{"line":132,"column":12},"end":{"line":132,"column":null}},"29":{"start":{"line":138,"column":4},"end":{"line":138,"column":null}}},"fnMap":{"0":{"name":"handleRequest","decl":{"start":{"line":17,"column":24},"end":{"line":17,"column":null}},"loc":{"start":{"line":26,"column":2},"end":{"line":40,"column":null}}},"1":{"name":"handleBotRequest","decl":{"start":{"line":42,"column":9},"end":{"line":42,"column":null}},"loc":{"start":{"line":47,"column":2},"end":{"line":90,"column":null}}},"2":{"name":"(anonymous_2)","decl":{"start":{"line":48,"column":21},"end":{"line":48,"column":22}},"loc":{"start":{"line":48,"column":42},"end":{"line":89,"column":3}}},"3":{"name":"(anonymous_3)","decl":{"start":{"line":57,"column":8},"end":{"line":57,"column":21}},"loc":{"start":{"line":57,"column":21},"end":{"line":72,"column":null}}},"4":{"name":"(anonymous_4)","decl":{"start":{"line":73,"column":8},"end":{"line":73,"column":21}},"loc":{"start":{"line":73,"column":37},"end":{"line":75,"column":null}}},"5":{"name":"(anonymous_5)","decl":{"start":{"line":76,"column":8},"end":{"line":76,"column":16}},"loc":{"start":{"line":76,"column":32},"end":{"line":84,"column":null}}},"6":{"name":"handleBrowserRequest","decl":{"start":{"line":92,"column":9},"end":{"line":92,"column":null}},"loc":{"start":{"line":97,"column":2},"end":{"line":140,"column":null}}},"7":{"name":"(anonymous_7)","decl":{"start":{"line":98,"column":21},"end":{"line":98,"column":22}},"loc":{"start":{"line":98,"column":42},"end":{"line":139,"column":3}}},"8":{"name":"(anonymous_8)","decl":{"start":{"line":107,"column":8},"end":{"line":107,"column":23}},"loc":{"start":{"line":107,"column":23},"end":{"line":122,"column":null}}},"9":{"name":"(anonymous_9)","decl":{"start":{"line":123,"column":8},"end":{"line":123,"column":21}},"loc":{"start":{"line":123,"column":37},"end":{"line":125,"column":null}}},"10":{"name":"(anonymous_10)","decl":{"start":{"line":126,"column":8},"end":{"line":126,"column":16}},"loc":{"start":{"line":126,"column":32},"end":{"line":134,"column":null}}}},"branchMap":{"0":{"loc":{"start":{"line":27,"column":9},"end":{"line":39,"column":null}},"type":"cond-expr","locations":[{"start":{"line":28,"column":6},"end":{"line":33,"column":null}},{"start":{"line":34,"column":6},"end":{"line":39,"column":null}}]},"1":{"loc":{"start":{"line":27,"column":15},"end":{"line":27,"column":54}},"type":"binary-expr","locations":[{"start":{"line":27,"column":15},"end":{"line":27,"column":52}},{"start":{"line":27,"column":52},"end":{"line":27,"column":54}}]},"2":{"loc":{"start":{"line":81,"column":10},"end":{"line":83,"column":null}},"type":"if","locations":[{"start":{"line":81,"column":10},"end":{"line":83,"column":null}},{"start":{},"end":{}}]},"3":{"loc":{"start":{"line":131,"column":10},"end":{"line":133,"column":null}},"type":"if","locations":[{"start":{"line":131,"column":10},"end":{"line":133,"column":null}},{"start":{},"end":{}}]}},"s":{"0":0,"1":0,"2":0,"3":0,"4":0,"5":0,"6":0,"7":0,"8":0,"9":0,"10":0,"11":0,"12":0,"13":0,"14":0,"15":0,"16":0,"17":0,"18":0,"19":0,"20":0,"21":0,"22":0,"23":0,"24":0,"25":0,"26":0,"27":0,"28":0,"29":0},"f":{"0":0,"1":0,"2":0,"3":0,"4":0,"5":0,"6":0,"7":0,"8":0,"9":0,"10":0},"b":{"0":[0,0],"1":[0,0],"2":[0,0],"3":[0,0]}}
,"C:/Users/levis/Desktop/projects/personal-portfolio/app/root.tsx": {"path":"C:/Users/levis/Desktop/projects/personal-portfolio/app/root.tsx","statementMap":{"0":{"start":{"line":14,"column":36},"end":{"line":25,"column":null}},"1":{"start":{"line":14,"column":42},"end":{"line":25,"column":null}},"2":{"start":{"line":28,"column":2},"end":{"line":59,"column":null}},"3":{"start":{"line":66,"column":2},"end":{"line":66,"column":null}}},"fnMap":{"0":{"name":"(anonymous_0)","decl":{"start":{"line":14,"column":36},"end":{"line":14,"column":42}},"loc":{"start":{"line":14,"column":42},"end":{"line":25,"column":null}}},"1":{"name":"Layout","decl":{"start":{"line":27,"column":16},"end":{"line":27,"column":23}},"loc":{"start":{"line":27,"column":68},"end":{"line":61,"column":null}}},"2":{"name":"App","decl":{"start":{"line":65,"column":24},"end":{"line":65,"column":30}},"loc":{"start":{"line":65,"column":30},"end":{"line":67,"column":null}}}},"branchMap":{},"s":{"0":0,"1":0,"2":0,"3":0},"f":{"0":0,"1":0,"2":0},"b":{}}
,"C:/Users/levis/Desktop/projects/personal-portfolio/app/components/DropDownMenu.tsx": {"path":"C:/Users/levis/Desktop/projects/personal-portfolio/app/components/DropDownMenu.tsx","statementMap":{"0":{"start":{"line":9,"column":44},"end":{"line":64,"column":null}},"1":{"start":{"line":10,"column":15},"end":{"line":25,"column":null}},"2":{"start":{"line":26,"column":16},"end":{"line":29,"column":null}},"3":{"start":{"line":30,"column":2},"end":{"line":62,"column":null}},"4":{"start":{"line":55,"column":12},"end":{"line":57,"column":null}}},"fnMap":{"0":{"name":"(anonymous_0)","decl":{"start":{"line":9,"column":44},"end":{"line":9,"column":45}},"loc":{"start":{"line":9,"column":80},"end":{"line":64,"column":null}}},"1":{"name":"(anonymous_1)","decl":{"start":{"line":54,"column":23},"end":{"line":54,"column":24}},"loc":{"start":{"line":55,"column":12},"end":{"line":57,"column":null}}}},"branchMap":{"0":{"loc":{"start":{"line":9,"column":60},"end":{"line":9,"column":74}},"type":"default-arg","locations":[{"start":{"line":9,"column":71},"end":{"line":9,"column":74}}]}},"s":{"0":0,"1":0,"2":0,"3":0,"4":0},"f":{"0":0,"1":0},"b":{"0":[0]}}
,"C:/Users/levis/Desktop/projects/personal-portfolio/app/components/HeroBackground.tsx": {"path":"C:/Users/levis/Desktop/projects/personal-portfolio/app/components/HeroBackground.tsx","statementMap":{"0":{"start":{"line":7,"column":23},"end":{"line":28,"column":null}},"1":{"start":{"line":8,"column":24},"end":{"line":8,"column":null}},"2":{"start":{"line":9,"column":34},"end":{"line":9,"column":null}},"3":{"start":{"line":11,"column":4},"end":{"line":22,"column":null}},"4":{"start":{"line":12,"column":6},"end":{"line":21,"column":null}},"5":{"start":{"line":14,"column":8},"end":{"line":20,"column":null}},"6":{"start":{"line":15,"column":10},"end":{"line":15,"column":null}},"7":{"start":{"line":16,"column":8},"end":{"line":20,"column":null}},"8":{"start":{"line":17,"column":10},"end":{"line":17,"column":null}},"9":{"start":{"line":19,"column":10},"end":{"line":19,"column":null}},"10":{"start":{"line":23,"column":4},"end":{"line":26,"column":null}}},"fnMap":{"0":{"name":"(anonymous_0)","decl":{"start":{"line":7,"column":23},"end":{"line":7,"column":29}},"loc":{"start":{"line":7,"column":29},"end":{"line":28,"column":null}}},"1":{"name":"(anonymous_1)","decl":{"start":{"line":11,"column":14},"end":{"line":11,"column":20}},"loc":{"start":{"line":11,"column":20},"end":{"line":22,"column":7}}}},"branchMap":{"0":{"loc":{"start":{"line":12,"column":6},"end":{"line":21,"column":null}},"type":"if","locations":[{"start":{"line":12,"column":6},"end":{"line":21,"column":null}},{"start":{},"end":{}}]},"1":{"loc":{"start":{"line":14,"column":8},"end":{"line":20,"column":null}},"type":"if","locations":[{"start":{"line":14,"column":8},"end":{"line":20,"column":null}},{"start":{"line":16,"column":8},"end":{"line":20,"column":null}}]},"2":{"loc":{"start":{"line":16,"column":8},"end":{"line":20,"column":null}},"type":"if","locations":[{"start":{"line":16,"column":8},"end":{"line":20,"column":null}},{"start":{"line":18,"column":15},"end":{"line":20,"column":null}}]}},"s":{"0":0,"1":0,"2":0,"3":0,"4":0,"5":0,"6":0,"7":0,"8":0,"9":0,"10":0},"f":{"0":0,"1":0},"b":{"0":[0,0],"1":[0,0],"2":[0,0]}}
,"C:/Users/levis/Desktop/projects/personal-portfolio/app/components/HeroImage.tsx": {"path":"C:/Users/levis/Desktop/projects/personal-portfolio/app/components/HeroImage.tsx","statementMap":{"0":{"start":{"line":3,"column":18},"end":{"line":22,"column":null}},"1":{"start":{"line":7,"column":2},"end":{"line":20,"column":null}}},"fnMap":{"0":{"name":"(anonymous_0)","decl":{"start":{"line":3,"column":18},"end":{"line":3,"column":19}},"loc":{"start":{"line":6,"column":6},"end":{"line":22,"column":null}}}},"branchMap":{},"s":{"0":0,"1":0},"f":{"0":0},"b":{}}
,"C:/Users/levis/Desktop/projects/personal-portfolio/app/components/MainNav.tsx": {"path":"C:/Users/levis/Desktop/projects/personal-portfolio/app/components/MainNav.tsx","statementMap":{"0":{"start":{"line":10,"column":16},"end":{"line":47,"column":null}},"1":{"start":{"line":11,"column":35},"end":{"line":11,"column":null}},"2":{"start":{"line":13,"column":8},"end":{"line":13,"column":null}},"3":{"start":{"line":13,"column":26},"end":{"line":13,"column":31}},"4":{"start":{"line":15,"column":2},"end":{"line":45,"column":null}},"5":{"start":{"line":24,"column":24},"end":{"line":26,"column":null}}},"fnMap":{"0":{"name":"(anonymous_0)","decl":{"start":{"line":10,"column":16},"end":{"line":10,"column":22}},"loc":{"start":{"line":10,"column":22},"end":{"line":47,"column":null}}},"1":{"name":"handleMenuOpen","decl":{"start":{"line":12,"column":13},"end":{"line":12,"column":30}},"loc":{"start":{"line":12,"column":30},"end":{"line":14,"column":null}}},"2":{"name":"(anonymous_2)","decl":{"start":{"line":13,"column":20},"end":{"line":13,"column":26}},"loc":{"start":{"line":13,"column":26},"end":{"line":13,"column":31}}},"3":{"name":"(anonymous_3)","decl":{"start":{"line":23,"column":32},"end":{"line":23,"column":33}},"loc":{"start":{"line":24,"column":24},"end":{"line":26,"column":null}}}},"branchMap":{"0":{"loc":{"start":{"line":32,"column":20},"end":{"line":34,"column":null}},"type":"cond-expr","locations":[{"start":{"line":33,"column":20},"end":{"line":33,"column":null}},{"start":{"line":34,"column":16},"end":{"line":34,"column":null}}]},"1":{"loc":{"start":{"line":39,"column":16},"end":{"line":40,"column":null}},"type":"binary-expr","locations":[{"start":{"line":39,"column":16},"end":{"line":39,"column":null}},{"start":{"line":40,"column":20},"end":{"line":40,"column":null}}]}},"s":{"0":0,"1":0,"2":0,"3":0,"4":0,"5":0},"f":{"0":0,"1":0,"2":0,"3":0},"b":{"0":[0,0],"1":[0,0]}}
,"C:/Users/levis/Desktop/projects/personal-portfolio/app/components/Test.tsx": {"path":"C:/Users/levis/Desktop/projects/personal-portfolio/app/components/Test.tsx","statementMap":{"0":{"start":{"line":2,"column":13},"end":{"line":6,"column":null}},"1":{"start":{"line":5,"column":2},"end":{"line":5,"column":null}}},"fnMap":{"0":{"name":"(anonymous_0)","decl":{"start":{"line":2,"column":13},"end":{"line":2,"column":14}},"loc":{"start":{"line":4,"column":6},"end":{"line":6,"column":null}}}},"branchMap":{"0":{"loc":{"start":{"line":5,"column":9},"end":{"line":5,"column":null}},"type":"cond-expr","locations":[{"start":{"line":5,"column":16},"end":{"line":5,"column":40}},{"start":{"line":5,"column":40},"end":{"line":5,"column":null}}]}},"s":{"0":1,"1":2},"f":{"0":2},"b":{"0":[1,1]}}
,"C:/Users/levis/Desktop/projects/personal-portfolio/app/config/contentful.config.ts": {"path":"C:/Users/levis/Desktop/projects/personal-portfolio/app/config/contentful.config.ts","statementMap":{"0":{"start":{"line":3,"column":22},"end":{"line":6,"column":null}}},"fnMap":{},"branchMap":{},"s":{"0":0},"f":{},"b":{}}
,"C:/Users/levis/Desktop/projects/personal-portfolio/app/data/data_handler.ts": {"path":"C:/Users/levis/Desktop/projects/personal-portfolio/app/data/data_handler.ts","statementMap":{"0":{"start":{"line":3,"column":24},"end":{"line":9,"column":null}},"1":{"start":{"line":5,"column":24},"end":{"line":6,"column":null}},"2":{"start":{"line":6,"column":22},"end":{"line":6,"column":33}},"3":{"start":{"line":6,"column":46},"end":{"line":6,"column":49}},"4":{"start":{"line":7,"column":8},"end":{"line":7,"column":null}}},"fnMap":{"0":{"name":"(anonymous_0)","decl":{"start":{"line":3,"column":24},"end":{"line":3,"column":35}},"loc":{"start":{"line":3,"column":35},"end":{"line":9,"column":null}}},"1":{"name":"(anonymous_1)","decl":{"start":{"line":6,"column":14},"end":{"line":6,"column":15}},"loc":{"start":{"line":6,"column":22},"end":{"line":6,"column":33}}},"2":{"name":"(anonymous_2)","decl":{"start":{"line":6,"column":41},"end":{"line":6,"column":46}},"loc":{"start":{"line":6,"column":46},"end":{"line":6,"column":49}}}},"branchMap":{},"s":{"0":0,"1":0,"2":0,"3":0,"4":0},"f":{"0":0,"1":0,"2":0},"b":{}}
,"C:/Users/levis/Desktop/projects/personal-portfolio/app/hooks/useScreenWidth.ts": {"path":"C:/Users/levis/Desktop/projects/personal-portfolio/app/hooks/useScreenWidth.ts","statementMap":{"0":{"start":{"line":3,"column":23},"end":{"line":31,"column":null}},"1":{"start":{"line":4,"column":40},"end":{"line":6,"column":null}},"2":{"start":{"line":8,"column":2},"end":{"line":28,"column":null}},"3":{"start":{"line":10,"column":4},"end":{"line":12,"column":null}},"4":{"start":{"line":11,"column":6},"end":{"line":11,"column":null}},"5":{"start":{"line":14,"column":25},"end":{"line":16,"column":null}},"6":{"start":{"line":15,"column":6},"end":{"line":15,"column":null}},"7":{"start":{"line":19,"column":4},"end":{"line":19,"column":null}},"8":{"start":{"line":22,"column":4},"end":{"line":22,"column":null}},"9":{"start":{"line":25,"column":4},"end":{"line":27,"column":null}},"10":{"start":{"line":26,"column":6},"end":{"line":26,"column":null}},"11":{"start":{"line":30,"column":2},"end":{"line":30,"column":null}}},"fnMap":{"0":{"name":"(anonymous_0)","decl":{"start":{"line":3,"column":23},"end":{"line":3,"column":49}},"loc":{"start":{"line":3,"column":49},"end":{"line":31,"column":null}}},"1":{"name":"(anonymous_1)","decl":{"start":{"line":8,"column":12},"end":{"line":8,"column":18}},"loc":{"start":{"line":8,"column":18},"end":{"line":28,"column":5}}},"2":{"name":"(anonymous_2)","decl":{"start":{"line":14,"column":25},"end":{"line":14,"column":31}},"loc":{"start":{"line":14,"column":31},"end":{"line":16,"column":null}}},"3":{"name":"(anonymous_3)","decl":{"start":{"line":25,"column":11},"end":{"line":25,"column":17}},"loc":{"start":{"line":25,"column":17},"end":{"line":27,"column":null}}}},"branchMap":{"0":{"loc":{"start":{"line":5,"column":4},"end":{"line":5,"column":null}},"type":"cond-expr","locations":[{"start":{"line":5,"column":36},"end":{"line":5,"column":56}},{"start":{"line":5,"column":56},"end":{"line":5,"column":null}}]},"1":{"loc":{"start":{"line":10,"column":4},"end":{"line":12,"column":null}},"type":"if","locations":[{"start":{"line":10,"column":4},"end":{"line":12,"column":null}},{"start":{},"end":{}}]}},"s":{"0":0,"1":0,"2":0,"3":0,"4":0,"5":0,"6":0,"7":0,"8":0,"9":0,"10":0,"11":0},"f":{"0":0,"1":0,"2":0,"3":0},"b":{"0":[0,0],"1":[0,0]}}
,"C:/Users/levis/Desktop/projects/personal-portfolio/app/lib/navlist.ts": {"path":"C:/Users/levis/Desktop/projects/personal-portfolio/app/lib/navlist.ts","statementMap":{"0":{"start":{"line":2,"column":31},"end":{"line":31,"column":null}}},"fnMap":{},"branchMap":{},"s":{"0":0},"f":{},"b":{}}
,"C:/Users/levis/Desktop/projects/personal-portfolio/app/lib/static_data.ts": {"path":"C:/Users/levis/Desktop/projects/personal-portfolio/app/lib/static_data.ts","statementMap":{"0":{"start":{"line":1,"column":23},"end":{"line":7,"column":null}}},"fnMap":{},"branchMap":{},"s":{"0":0},"f":{},"b":{}}
,"C:/Users/levis/Desktop/projects/personal-portfolio/app/routes/_index.tsx": {"path":"C:/Users/levis/Desktop/projects/personal-portfolio/app/routes/_index.tsx","statementMap":{"0":{"start":{"line":7,"column":34},"end":{"line":13,"column":null}},"1":{"start":{"line":8,"column":2},"end":{"line":12,"column":null}},"2":{"start":{"line":16,"column":24},"end":{"line":16,"column":null}},"3":{"start":{"line":18,"column":2},"end":{"line":58,"column":null}}},"fnMap":{"0":{"name":"(anonymous_0)","decl":{"start":{"line":7,"column":34},"end":{"line":7,"column":40}},"loc":{"start":{"line":7,"column":40},"end":{"line":13,"column":null}}},"1":{"name":"Index","decl":{"start":{"line":15,"column":24},"end":{"line":15,"column":32}},"loc":{"start":{"line":15,"column":32},"end":{"line":60,"column":null}}}},"branchMap":{},"s":{"0":0,"1":0,"2":0,"3":0},"f":{"0":0,"1":0},"b":{}}
,"C:/Users/levis/Desktop/projects/personal-portfolio/app/routes/about.tsx": {"path":"C:/Users/levis/Desktop/projects/personal-portfolio/app/routes/about.tsx","statementMap":{"0":{"start":{"line":5,"column":4},"end":{"line":5,"column":null}},"1":{"start":{"line":12,"column":18},"end":{"line":42,"column":null}},"2":{"start":{"line":13,"column":26},"end":{"line":13,"column":null}},"3":{"start":{"line":14,"column":4},"end":{"line":14,"column":null}},"4":{"start":{"line":15,"column":2},"end":{"line":40,"column":null}}},"fnMap":{"0":{"name":"loader","decl":{"start":{"line":4,"column":23},"end":{"line":4,"column":32}},"loc":{"start":{"line":4,"column":32},"end":{"line":6,"column":null}}},"1":{"name":"(anonymous_1)","decl":{"start":{"line":12,"column":18},"end":{"line":12,"column":24}},"loc":{"start":{"line":12,"column":24},"end":{"line":42,"column":null}}}},"branchMap":{"0":{"loc":{"start":{"line":24,"column":22},"end":{"line":24,"column":null}},"type":"binary-expr","locations":[{"start":{"line":24,"column":22},"end":{"line":24,"column":34}},{"start":{"line":24,"column":34},"end":{"line":24,"column":null}}]}},"s":{"0":0,"1":0,"2":0,"3":0,"4":0},"f":{"0":0,"1":0},"b":{"0":[0,0]}}
,"C:/Users/levis/Desktop/projects/personal-portfolio/app/tests/components/Test.test.tsx": {"path":"C:/Users/levis/Desktop/projects/personal-portfolio/app/tests/components/Test.test.tsx","statementMap":{"0":{"start":{"line":4,"column":0},"end":{"line":15,"column":null}},"1":{"start":{"line":5,"column":4},"end":{"line":9,"column":null}},"2":{"start":{"line":6,"column":8},"end":{"line":6,"column":null}},"3":{"start":{"line":7,"column":24},"end":{"line":7,"column":null}},"4":{"start":{"line":8,"column":8},"end":{"line":8,"column":null}},"5":{"start":{"line":10,"column":4},"end":{"line":14,"column":null}},"6":{"start":{"line":11,"column":8},"end":{"line":11,"column":null}},"7":{"start":{"line":12,"column":29},"end":{"line":12,"column":null}},"8":{"start":{"line":13,"column":8},"end":{"line":13,"column":null}}},"fnMap":{"0":{"name":"(anonymous_0)","decl":{"start":{"line":4,"column":17},"end":{"line":4,"column":23}},"loc":{"start":{"line":4,"column":23},"end":{"line":15,"column":1}}},"1":{"name":"(anonymous_1)","decl":{"start":{"line":5,"column":70},"end":{"line":5,"column":76}},"loc":{"start":{"line":5,"column":76},"end":{"line":9,"column":5}}},"2":{"name":"(anonymous_2)","decl":{"start":{"line":10,"column":53},"end":{"line":10,"column":59}},"loc":{"start":{"line":10,"column":59},"end":{"line":14,"column":5}}}},"branchMap":{},"s":{"0":1,"1":1,"2":1,"3":1,"4":1,"5":1,"6":1,"7":1,"8":1},"f":{"0":1,"1":1,"2":1},"b":{}}
}
