TN:
SF:app\entry.client.tsx
FN:11,(anonymous_0)
FNF:1
FNH:0
FNDA:0,(anonymous_0)
DA:11,0
DA:12,0
LF:2
LH:0
BRF:0
BRH:0
end_of_record
TN:
SF:app\entry.server.tsx
FN:17,handleRequest
FN:42,handleBotRequest
FN:48,(anonymous_2)
FN:57,(anonymous_3)
FN:73,(anonymous_4)
FN:76,(anonymous_5)
FN:92,handleBrowserRequest
FN:98,(anonymous_7)
FN:107,(anonymous_8)
FN:123,(anonymous_9)
FN:126,(anonymous_10)
FNF:11
FNH:0
FNDA:0,handleRequest
FNDA:0,handleBotRequest
FNDA:0,(anonymous_2)
FNDA:0,(anonymous_3)
FNDA:0,(anonymous_4)
FNDA:0,(anonymous_5)
FNDA:0,handleBrowserRequest
FNDA:0,(anonymous_7)
FNDA:0,(anonymous_8)
FNDA:0,(anonymous_9)
FNDA:0,(anonymous_10)
DA:15,0
DA:27,0
DA:48,0
DA:49,0
DA:50,0
DA:58,0
DA:59,0
DA:60,0
DA:62,0
DA:64,0
DA:71,0
DA:74,0
DA:77,0
DA:81,0
DA:82,0
DA:88,0
DA:98,0
DA:99,0
DA:100,0
DA:108,0
DA:109,0
DA:110,0
DA:112,0
DA:114,0
DA:121,0
DA:124,0
DA:127,0
DA:131,0
DA:132,0
DA:138,0
LF:30
LH:0
BRDA:27,0,0,0
BRDA:27,0,1,0
BRDA:27,1,0,0
BRDA:27,1,1,0
BRDA:81,2,0,0
BRDA:81,2,1,0
BRDA:131,3,0,0
BRDA:131,3,1,0
BRF:8
BRH:0
end_of_record
TN:
SF:app\root.tsx
FN:14,(anonymous_0)
FN:27,Layout
FN:65,App
FNF:3
FNH:0
FNDA:0,(anonymous_0)
FNDA:0,Layout
FNDA:0,App
DA:14,0
DA:28,0
DA:66,0
LF:3
LH:0
BRF:0
BRH:0
end_of_record
TN:
SF:app\components\DropDownMenu.tsx
FN:9,(anonymous_0)
FN:54,(anonymous_1)
FNF:2
FNH:2
FNDA:3,(anonymous_0)
FNDA:9,(anonymous_1)
DA:9,2
DA:10,3
DA:26,3
DA:30,3
DA:55,9
LF:5
LH:5
BRF:0
BRH:0
end_of_record
TN:
SF:app\components\HeroBackground.tsx
FN:7,(anonymous_0)
FN:11,(anonymous_1)
FNF:2
FNH:2
FNDA:7,(anonymous_0)
FNDA:4,(anonymous_1)
DA:7,1
DA:8,7
DA:9,7
DA:11,6
DA:12,4
DA:14,3
DA:15,1
DA:16,2
DA:17,1
DA:19,1
DA:23,6
LF:11
LH:11
BRDA:12,0,0,3
BRDA:12,0,1,1
BRDA:14,1,0,1
BRDA:14,1,1,2
BRDA:16,2,0,1
BRDA:16,2,1,1
BRF:6
BRH:6
end_of_record
TN:
SF:app\components\HeroImage.tsx
FN:3,(anonymous_0)
FNF:1
FNH:1
FNDA:2,(anonymous_0)
DA:3,1
DA:7,2
LF:2
LH:2
BRF:0
BRH:0
end_of_record
TN:
SF:app\components\MainNav.tsx
FN:10,(anonymous_0)
FN:12,handleMenuOpen
FN:13,(anonymous_2)
FN:23,(anonymous_3)
FNF:4
FNH:4
FNDA:4,(anonymous_0)
FNDA:1,handleMenuOpen
FNDA:1,(anonymous_2)
FNDA:9,(anonymous_3)
DA:10,1
DA:11,4
DA:13,1
DA:15,3
DA:24,9
LF:5
LH:5
BRDA:32,0,0,1
BRDA:32,0,1,2
BRDA:39,1,0,3
BRDA:39,1,1,1
BRF:4
BRH:4
end_of_record
TN:
SF:app\components\Test.tsx
FN:2,(anonymous_0)
FNF:1
FNH:1
FNDA:2,(anonymous_0)
DA:2,1
DA:5,2
LF:2
LH:2
BRDA:5,0,0,1
BRDA:5,0,1,1
BRF:2
BRH:2
end_of_record
TN:
SF:app\config\contentful.config.ts
FNF:0
FNH:0
DA:3,0
LF:1
LH:0
BRF:0
BRH:0
end_of_record
TN:
SF:app\data\data_handler.ts
FN:3,(anonymous_0)
FN:5,(anonymous_1)
FN:5,(anonymous_2)
FNF:3
FNH:0
FNDA:0,(anonymous_0)
FNDA:0,(anonymous_1)
FNDA:0,(anonymous_2)
DA:3,0
DA:4,0
DA:5,0
DA:6,0
LF:4
LH:0
BRF:0
BRH:0
end_of_record
TN:
SF:app\hooks\useScreenWidth.ts
FN:3,(anonymous_0)
FN:8,(anonymous_1)
FN:14,(anonymous_2)
FN:25,(anonymous_3)
FNF:4
FNH:4
FNDA:5,(anonymous_0)
FNDA:3,(anonymous_1)
FNDA:1,(anonymous_2)
FNDA:3,(anonymous_3)
DA:3,2
DA:4,5
DA:8,5
DA:10,3
DA:11,0
DA:14,3
DA:15,1
DA:19,3
DA:22,3
DA:25,3
DA:26,3
DA:30,5
LF:12
LH:11
BRDA:5,0,0,5
BRDA:5,0,1,0
BRDA:10,1,0,0
BRDA:10,1,1,3
BRF:4
BRH:2
end_of_record
TN:
SF:app\lib\navlist.ts
FNF:0
FNH:0
DA:2,0
LF:1
LH:0
BRF:0
BRH:0
end_of_record
TN:
SF:app\lib\static_data.ts
FNF:0
FNH:0
DA:1,0
LF:1
LH:0
BRF:0
BRH:0
end_of_record
TN:
SF:app\routes\_index.tsx
FN:7,(anonymous_0)
FN:15,Index
FNF:2
FNH:0
FNDA:0,(anonymous_0)
FNDA:0,Index
DA:7,0
DA:8,0
DA:16,0
DA:18,0
LF:4
LH:0
BRF:0
BRH:0
end_of_record
TN:
SF:app\routes\about.tsx
FN:4,loader
FN:12,(anonymous_1)
FNF:2
FNH:0
FNDA:0,loader
FNDA:0,(anonymous_1)
DA:5,0
DA:12,0
DA:13,0
DA:14,0
DA:15,0
LF:5
LH:0
BRDA:24,0,0,0
BRDA:24,0,1,0
BRF:2
BRH:0
end_of_record
TN:
SF:app\tests\components\DropDownMenu.test.tsx
FN:5,(anonymous_0)
FN:12,(anonymous_1)
FN:13,(anonymous_2)
FN:16,(anonymous_3)
FN:19,(anonymous_4)
FN:23,(anonymous_5)
FNF:6
FNH:6
FNDA:1,(anonymous_0)
FNDA:1,(anonymous_1)
FNDA:2,(anonymous_2)
FNDA:1,(anonymous_3)
FNDA:3,(anonymous_4)
FNDA:1,(anonymous_5)
DA:5,1
DA:6,1
DA:12,1
DA:13,2
DA:16,1
DA:17,1
DA:19,1
DA:20,3
DA:23,1
DA:24,1
DA:25,1
DA:26,1
DA:27,1
DA:28,1
LF:14
LH:14
BRF:0
BRH:0
end_of_record
TN:
SF:app\tests\components\HeroBackground.test.tsx
FN:6,(anonymous_0)
FN:8,(anonymous_1)
FN:20,(anonymous_2)
FN:32,(anonymous_3)
FN:44,(anonymous_4)
FNF:5
FNH:5
FNDA:1,(anonymous_0)
FNDA:1,(anonymous_1)
FNDA:1,(anonymous_2)
FNDA:1,(anonymous_3)
FNDA:1,(anonymous_4)
DA:6,1
DA:8,1
DA:9,1
DA:11,1
DA:13,1
DA:14,1
DA:16,1
DA:20,1
DA:21,1
DA:23,1
DA:25,1
DA:26,1
DA:28,1
DA:32,1
DA:33,1
DA:35,1
DA:37,1
DA:38,1
DA:40,1
DA:44,1
DA:45,1
DA:47,1
DA:49,1
DA:50,1
DA:52,1
LF:25
LH:25
BRF:0
BRH:0
end_of_record
TN:
SF:app\tests\components\HeroImage.test.tsx
FN:4,(anonymous_0)
FN:8,(anonymous_1)
FN:19,(anonymous_2)
FNF:3
FNH:3
FNDA:1,(anonymous_0)
FNDA:1,(anonymous_1)
FNDA:1,(anonymous_2)
DA:4,1
DA:5,1
DA:6,1
DA:8,1
DA:9,1
DA:12,1
DA:13,1
DA:16,1
DA:19,1
DA:20,1
DA:23,1
DA:24,1
LF:12
LH:12
BRF:0
BRH:0
end_of_record
TN:
SF:app\tests\components\MainNav.test.tsx
FN:5,(anonymous_0)
FN:6,(anonymous_1)
FN:7,(anonymous_2)
FN:8,(anonymous_3)
FN:12,(anonymous_4)
FN:21,(anonymous_5)
FN:36,(anonymous_6)
FNF:7
FNH:7
FNDA:1,(anonymous_0)
FNDA:1,(anonymous_1)
FNDA:2,(anonymous_2)
FNDA:2,(anonymous_3)
FNDA:1,(anonymous_4)
FNDA:1,(anonymous_5)
FNDA:1,(anonymous_6)
DA:5,1
DA:6,1
DA:7,2
DA:8,2
DA:12,1
DA:21,1
DA:22,1
DA:27,1
DA:28,1
DA:30,1
DA:31,1
DA:32,1
DA:33,1
DA:34,1
DA:36,1
DA:37,1
DA:42,1
DA:43,1
DA:44,1
DA:46,1
DA:47,1
DA:48,1
LF:22
LH:22
BRF:0
BRH:0
end_of_record
TN:
SF:app\tests\components\Test.test.tsx
FN:4,(anonymous_0)
FN:5,(anonymous_1)
FN:10,(anonymous_2)
FNF:3
FNH:3
FNDA:1,(anonymous_0)
FNDA:1,(anonymous_1)
FNDA:1,(anonymous_2)
DA:4,1
DA:5,1
DA:6,1
DA:7,1
DA:8,1
DA:10,1
DA:11,1
DA:12,1
DA:13,1
LF:9
LH:9
BRF:0
BRH:0
end_of_record
TN:
SF:app\tests\hooks\useScreenWidth.test.tsx
FN:4,(anonymous_0)
FN:5,(anonymous_1)
FN:11,(anonymous_2)
FN:17,(anonymous_3)
FN:24,(anonymous_4)
FN:30,(anonymous_5)
FN:39,(anonymous_6)
FN:46,(anonymous_7)
FNF:8
FNH:8
FNDA:1,(anonymous_0)
FNDA:1,(anonymous_1)
FNDA:1,(anonymous_2)
FNDA:1,(anonymous_3)
FNDA:3,(anonymous_4)
FNDA:1,(anonymous_5)
FNDA:1,(anonymous_6)
FNDA:1,(anonymous_7)
DA:4,1
DA:5,1
DA:7,1
DA:8,1
DA:11,1
DA:14,1
DA:17,1
DA:19,1
DA:20,1
DA:21,1
DA:24,3
DA:27,1
DA:30,1
DA:31,1
DA:32,1
DA:36,1
DA:39,1
DA:41,1
DA:43,1
DA:46,1
DA:49,1
DA:52,1
LF:22
LH:22
BRF:0
BRH:0
end_of_record
